<?xml version="1.0" encoding="UTF-8"?>
<!-- Generated by org.testng.reporters.JUnitReportReporter -->
<testsuite skipped="0" hostname="DESKTOP-PV5T3HC" name="com.tests.LoginTest" tests="2" failures="0" timestamp="2020-05-06T17:45:04 IST" time="16.312" errors="0">
  <testcase name="freeCrmTitleTest" time="8.975" classname="com.tests.LoginTest"/>
  <system-out/>
  <testcase name="freeCrmSignUpLinkTest" time="7.337" classname="com.tests.LoginTest"/>
  <system-out/>
</testsuite> <!-- com.tests.LoginTest -->
